{"name": "Create courier with missing_field", "status": "failed", "statusDetails": {"message": "AssertionError: assert 201 == 400\n +  where 201 = <Response [201]>.status_code", "trace": "self = <test_create_courier.TestCreateCourier object at 0x000001D13B729F70>, courier_creation_teardown = <function courier_creation_teardown.<locals>.register_courier at 0x000001D13B773E20>, unique_courier = {'firstName': '1aa539ad-d', 'login': '0beac6da-6', 'password': 'ca4ca48d-d'}\nmissing_field = 'firstName'\n\n    @allure.title(\"Create courier with missing_field\")\n    @pytest.mark.parametrize(\"missing_field\", [\"login\", \"password\", \"firstName\"])\n    def test_create_courier_missing_field(self, courier_creation_teardown, unique_courier, missing_field):\n        courier_payload = unique_courier.copy()\n        courier_payload.pop(missing_field)\n        response = requests.post(f\"{BASE_URL}/courier\", json=courier_payload)\n>       assert response.status_code == 400\nE       assert 201 == 400\nE        +  where 201 = <Response [201]>.status_code\n\ntests\\test_create_courier.py:28: AssertionError"}, "parameters": [{"name": "missing_field", "value": "'firstName'"}], "start": 1734348062611, "stop": 1734348063174, "uuid": "ba27d4e8-71ce-40fc-8e88-3d134387cbef", "historyId": "3a2cc527dffa45450679e62bf0476536", "testCaseId": "86c7e13bf3838b29f220202c56d81226", "fullName": "tests.test_create_courier.TestCreateCourier#test_create_courier_missing_field", "labels": [{"name": "parentSuite", "value": "tests"}, {"name": "suite", "value": "test_create_courier"}, {"name": "subSuite", "value": "TestCreateCourier"}, {"name": "host", "value": "DESKTOP-CDD6FLQ"}, {"name": "thread", "value": "13492-MainThread"}, {"name": "framework", "value": "pytest"}, {"name": "language", "value": "cpython3"}, {"name": "package", "value": "tests.test_create_courier"}]}